{
  "RSpec": {
    "coverage": {
      "/root/TheShoppingList/app/controllers/my_shopping_lists_controller.rb": {
        "lines": [
          1,
          1,
          1,
          null,
          null,
          1,
          2,
          null,
          null,
          null,
          1,
          null,
          null,
          null,
          1,
          0,
          null,
          null,
          null,
          1,
          null,
          null,
          null,
          1,
          0,
          null,
          0,
          0,
          0,
          0,
          null,
          0,
          0,
          null,
          null,
          null,
          null,
          null,
          1,
          0,
          0,
          0,
          0,
          null,
          0,
          0,
          null,
          null,
          null,
          null,
          null,
          1,
          0,
          null,
          0,
          0,
          0,
          null,
          null,
          null,
          1,
          null,
          1,
          0,
          null,
          null,
          null,
          1,
          0,
          null,
          null
        ]
      },
      "/root/TheShoppingList/app/controllers/application_controller.rb": {
        "lines": [
          1,
          null
        ]
      },
      "/root/TheShoppingList/app/models/my_shopping_list.rb": {
        "lines": [
          1,
          1,
          null
        ]
      },
      "/root/TheShoppingList/app/channels/application_cable/channel.rb": {
        "lines": [
          0,
          0,
          0,
          0
        ],
        "branches": {
        }
      },
      "/root/TheShoppingList/app/channels/application_cable/connection.rb": {
        "lines": [
          0,
          0,
          0,
          0
        ],
        "branches": {
        }
      },
      "/root/TheShoppingList/app/helpers/application_helper.rb": {
        "lines": [
          0,
          0
        ],
        "branches": {
        }
      },
      "/root/TheShoppingList/app/helpers/my_shopping_lists_helper.rb": {
        "lines": [
          0,
          0
        ],
        "branches": {
        }
      },
      "/root/TheShoppingList/app/jobs/application_job.rb": {
        "lines": [
          0,
          null,
          null,
          null,
          null,
          null,
          0
        ],
        "branches": {
        }
      },
      "/root/TheShoppingList/app/mailers/application_mailer.rb": {
        "lines": [
          0,
          0,
          0,
          0
        ],
        "branches": {
        }
      },
      "/root/TheShoppingList/app/models/application_record.rb": {
        "lines": [
          0,
          0,
          0
        ],
        "branches": {
        }
      },
      "/root/TheShoppingList/app/models/user.rb": {
        "lines": [
          0,
          null,
          null,
          0,
          0,
          0
        ],
        "branches": {
        }
      }
    },
    "timestamp": 1684030205
  }
}
